========================================== 
     Silhouette Backend Repair Log      
========================================== 
Date: dom 15/02/2026  9:58:07.84 
 
[1/5] Checking Node Version... 
v22.17.1
 
[2/5] Installing Dependencies... 

added 1 package, and audited 883 packages in 8s

140 packages are looking for funding
  run `npm fund` for details

19 vulnerabilities (10 low, 3 moderate, 6 high)

To address issues that do not require attention, run:
  npm audit fix

To address all issues (including breaking changes), run:
  npm audit fix --force

Run `npm audit` for details.
‚úÖ Dependencies installed. 
 
[3/5] Generating Prisma Client... 
Environment variables loaded from .env
Prisma schema loaded from prisma\schema.prisma

‚úî Generated Prisma Client (v5.22.0) to .\node_modules\@prisma\client in 263ms

Start by importing your Prisma Client (See: https://pris.ly/d/importing-client)

Tip: Interested in query caching in just a few lines of code? Try Accelerate today! https://pris.ly/tip-3-accelerate

‚úÖ Prisma Client generated. 
 
[4/5] Building Project (TypeScript Check)... 

> miweb-backend@0.0.1 build
> npx nest build

[96msrc/finance/finance.service.ts[0m:[93m269[0m:[93m17[0m - [91merror[0m[90m TS2353: [0mObject literal may only specify known properties, and 'amount' does not exist in type '(Without<BillCreateInput, BillUncheckedCreateInput> & BillUncheckedCreateInput) | (Without<...> & BillCreateInput)'.

[7m269[0m                 amount: data.amount,
[7m   [0m [91m                ~~~~~~[0m

  [96mnode_modules/.prisma/client/index.d.ts[0m:[93m23966[0m:[93m5[0m
    [7m23966[0m     data: XOR<BillCreateInput, BillUncheckedCreateInput>
    [7m     [0m [96m    ~~~~[0m
    The expected type comes from property 'data' which is declared here on type '{ select?: BillSelect<DefaultArgs>; include?: BillInclude<DefaultArgs>; data: (Without<BillCreateInput, BillUncheckedCreateInput> & BillUncheckedCreateInput) | (Without<...> & BillCreateInput); }'
[96msrc/finance/finance.service.ts[0m:[93m316[0m:[93m63[0m - [91merror[0m[90m TS2339: [0mProperty 'amount' does not exist on type '{ number: string; id: string; status: string; createdAt: Date; updatedAt: Date; total: number; dueDate: Date; currency: string; notes: string; supplierId: string; }'.

[7m316[0m                 totalBilled: bills.reduce((sum, b) => sum + b.amount, 0),
[7m   [0m [91m                                                              ~~~~~~[0m
[96msrc/finance/finance.service.ts[0m:[93m317[0m:[93m66[0m - [91merror[0m[90m TS2339: [0mProperty 'amount' does not exist on type '{ number: string; id: string; status: string; createdAt: Date; updatedAt: Date; total: number; dueDate: Date; currency: string; notes: string; supplierId: string; }'.

[7m317[0m                 pending: pendingBills.reduce((sum, b) => sum + b.amount, 0),
[7m   [0m [91m                                                                 ~~~~~~[0m
[96msrc/finance/finance.service.ts[0m:[93m320[0m:[93m83[0m - [91merror[0m[90m TS2339: [0mProperty 'amount' does not exist on type '{ number: string; id: string; status: string; createdAt: Date; updatedAt: Date; total: number; dueDate: Date; currency: string; notes: string; supplierId: string; }'.

[7m320[0m                 bills.filter(b => b.status === 'PAID').reduce((sum, b) => sum + b.amount, 0),
[7m   [0m [91m                                                                                  ~~~~~~[0m
[96msrc/oracle/oracle.controller.ts[0m:[93m18[0m:[93m6[0m - [91merror[0m[90m TS2304: [0mCannot find name 'Post'.

[7m18[0m     @Post('simulate')
[7m  [0m [91m     ~~~~[0m
[96msrc/oracle/oracle.controller.ts[0m:[93m20[0m:[93m21[0m - [91merror[0m[90m TS2693: [0m'Body' only refers to a type, but is being used as a value here.

[7m20[0m     async simulate(@Body() scenario: any) {
[7m  [0m [91m                    ~~~~[0m
[96msrc/oracle/oracle.controller.ts[0m:[93m24[0m:[93m6[0m - [91merror[0m[90m TS2304: [0mCannot find name 'Post'.

[7m24[0m     @Post('ask')
[7m  [0m [91m     ~~~~[0m
[96msrc/oracle/oracle.controller.ts[0m:[93m26[0m:[93m16[0m - [91merror[0m[90m TS2693: [0m'Body' only refers to a type, but is being used as a value here.

[7m26[0m     async ask(@Body() data: { prompt: string }, @Req() req) {
[7m  [0m [91m               ~~~~[0m

Found 8 error(s).

‚ùå BUILD FAILED! Fixing compiler errors is required. 
